Started GET "/" for ::1 at 2016-08-01 01:34:37 -0700
  [1m[36mActiveRecord::SchemaMigration Load (0.4ms)[0m  [1m[34mSELECT "schema_migrations".* FROM "schema_migrations"[0m
Processing by PostsController#index as HTML
  Rendering posts/index.html.erb within layouts/application
  [1m[36mPost Load (0.8ms)[0m  [1m[34mSELECT "posts".* FROM "posts" ORDER BY created_at DESC[0m
  Rendered posts/index.html.erb within layouts/application (13.7ms)
Completed 200 OK in 452ms (Views: 429.5ms | ActiveRecord: 4.2ms)


Started GET "/about" for ::1 at 2016-08-01 01:34:39 -0700
Processing by PagesController#about as HTML
  Rendering pages/about.html.erb within layouts/application
  Rendered pages/about.html.erb within layouts/application (0.4ms)
Completed 200 OK in 25ms (Views: 21.9ms | ActiveRecord: 0.0ms)


Started GET "/" for ::1 at 2016-08-01 01:34:41 -0700
Processing by PostsController#index as HTML
  Rendering posts/index.html.erb within layouts/application
  [1m[36mPost Load (1.5ms)[0m  [1m[34mSELECT "posts".* FROM "posts" ORDER BY created_at DESC[0m
  Rendered posts/index.html.erb within layouts/application (4.6ms)
Completed 200 OK in 45ms (Views: 39.8ms | ActiveRecord: 1.5ms)


Started GET "/posts/1" for ::1 at 2016-08-01 01:34:43 -0700
Processing by PostsController#show as HTML
  Parameters: {"id"=>"1"}
  [1m[36mPost Load (0.7ms)[0m  [1m[34mSELECT  "posts".* FROM "posts" WHERE "posts"."id" = $1 LIMIT $2[0m  [["id", 1], ["LIMIT", 1]]
  Rendering posts/show.html.erb within layouts/application
  [1m[35m (0.4ms)[0m  [1m[34mSELECT COUNT(*) FROM "comments" WHERE "comments"."post_id" = $1[0m  [["post_id", 1]]
  [1m[36mComment Load (0.2ms)[0m  [1m[34mSELECT "comments".* FROM "comments" WHERE "comments"."post_id" = $1[0m  [["post_id", 1]]
  Rendered collection of templates [0 times] (0.0ms)
  Rendered comments/_form.html.erb (23.0ms)
  Rendered posts/show.html.erb within layouts/application (58.8ms)
Completed 200 OK in 94ms (Views: 74.8ms | ActiveRecord: 6.2ms)


Started GET "/posts" for ::1 at 2016-08-01 01:34:45 -0700
Processing by PostsController#index as HTML
  Rendering posts/index.html.erb within layouts/application
  [1m[36mPost Load (0.9ms)[0m  [1m[34mSELECT "posts".* FROM "posts" ORDER BY created_at DESC[0m
  Rendered posts/index.html.erb within layouts/application (3.4ms)
Completed 200 OK in 30ms (Views: 26.7ms | ActiveRecord: 0.9ms)


Started GET "/" for ::1 at 2016-08-01 08:27:07 -0700
  [1m[36mActiveRecord::SchemaMigration Load (24.9ms)[0m  [1m[34mSELECT "schema_migrations".* FROM "schema_migrations"[0m
Processing by PostsController#index as HTML
  Rendering posts/index.html.erb within layouts/application
  [1m[36mPost Load (26.4ms)[0m  [1m[34mSELECT "posts".* FROM "posts" ORDER BY created_at DESC[0m
  Rendered posts/index.html.erb within layouts/application (43.8ms)
Completed 200 OK in 350ms (Views: 300.8ms | ActiveRecord: 33.2ms)


Started GET "/" for ::1 at 2016-08-01 08:29:14 -0700
Processing by PostsController#index as HTML
  Rendering posts/index.html.erb within layouts/application
  [1m[36mPost Load (0.3ms)[0m  [1m[34mSELECT "posts".* FROM "posts" ORDER BY created_at DESC[0m
  Rendered posts/index.html.erb within layouts/application (1.9ms)
Completed 200 OK in 21ms (Views: 18.5ms | ActiveRecord: 0.3ms)


Started GET "/" for ::1 at 2016-08-01 08:29:29 -0700
Processing by PostsController#index as HTML
  Rendering posts/index.html.erb within layouts/application
  [1m[36mPost Load (0.7ms)[0m  [1m[34mSELECT "posts".* FROM "posts" ORDER BY created_at DESC[0m
  Rendered posts/index.html.erb within layouts/application (2.5ms)
Completed 200 OK in 20ms (Views: 17.3ms | ActiveRecord: 0.7ms)


Started GET "/posts/2" for ::1 at 2016-08-01 08:30:23 -0700
Processing by PostsController#show as HTML
  Parameters: {"id"=>"2"}
  [1m[36mPost Load (1.8ms)[0m  [1m[34mSELECT  "posts".* FROM "posts" WHERE "posts"."id" = $1 LIMIT $2[0m  [["id", 2], ["LIMIT", 1]]
  Rendering posts/show.html.erb within layouts/application
  [1m[35m (22.2ms)[0m  [1m[34mSELECT COUNT(*) FROM "comments" WHERE "comments"."post_id" = $1[0m  [["post_id", 2]]
  [1m[36mComment Load (0.2ms)[0m  [1m[34mSELECT "comments".* FROM "comments" WHERE "comments"."post_id" = $1[0m  [["post_id", 2]]
  Rendered collection of comments/_comment.html.erb [2 times] (1.4ms)
  Rendered comments/_form.html.erb (12.8ms)
  Rendered posts/show.html.erb within layouts/application (80.3ms)
Completed 200 OK in 115ms (Views: 71.0ms | ActiveRecord: 28.2ms)


Started GET "/" for ::1 at 2016-08-01 08:30:43 -0700
Processing by PostsController#index as HTML
  Rendering posts/index.html.erb within layouts/application
  [1m[36mPost Load (2.0ms)[0m  [1m[34mSELECT "posts".* FROM "posts" ORDER BY created_at DESC[0m
  Rendered posts/index.html.erb within layouts/application (5.3ms)
Completed 200 OK in 38ms (Views: 33.4ms | ActiveRecord: 2.0ms)


Started GET "/posts/1" for ::1 at 2016-08-01 08:30:45 -0700
Processing by PostsController#show as HTML
  Parameters: {"id"=>"1"}
  [1m[36mPost Load (0.7ms)[0m  [1m[34mSELECT  "posts".* FROM "posts" WHERE "posts"."id" = $1 LIMIT $2[0m  [["id", 1], ["LIMIT", 1]]
  Rendering posts/show.html.erb within layouts/application
  [1m[35m (0.6ms)[0m  [1m[34mSELECT COUNT(*) FROM "comments" WHERE "comments"."post_id" = $1[0m  [["post_id", 1]]
  [1m[36mComment Load (0.3ms)[0m  [1m[34mSELECT "comments".* FROM "comments" WHERE "comments"."post_id" = $1[0m  [["post_id", 1]]
  Rendered collection of templates [0 times] (0.0ms)
  Rendered comments/_form.html.erb (2.3ms)
  Rendered posts/show.html.erb within layouts/application (10.4ms)
Completed 200 OK in 36ms (Views: 29.6ms | ActiveRecord: 1.6ms)


Started POST "/posts/1/comments" for ::1 at 2016-08-01 08:30:48 -0700
Processing by CommentsController#create as HTML
  Parameters: {"utf8"=>"✓", "authenticity_token"=>"UrNGagE3hA29lsSfCSoRPkBFJ0GC6PpjmdbY747MC/rgtWOp6IoULVx7AEzcRBbPZGS17H809ynGm8drj4CR+w==", "comment"=>{"commenter"=>"", "body"=>""}, "commit"=>"Create Comment", "post_id"=>"1"}
  [1m[36mPost Load (0.6ms)[0m  [1m[34mSELECT  "posts".* FROM "posts" WHERE "posts"."id" = $1 LIMIT $2[0m  [["id", 1], ["LIMIT", 1]]
  [1m[35m (0.1ms)[0m  [1m[35mBEGIN[0m
  [1m[35mSQL (18.8ms)[0m  [1m[32mINSERT INTO "comments" ("commenter", "body", "post_id", "created_at", "updated_at") VALUES ($1, $2, $3, $4, $5) RETURNING "id"[0m  [["commenter", ""], ["body", ""], ["post_id", 1], ["created_at", 2016-08-01 15:30:48 UTC], ["updated_at", 2016-08-01 15:30:48 UTC]]
  [1m[35m (0.4ms)[0m  [1m[35mCOMMIT[0m
Redirected to http://localhost:3000/posts/1
Completed 302 Found in 25ms (ActiveRecord: 19.9ms)


Started GET "/posts/1" for ::1 at 2016-08-01 08:30:48 -0700
Processing by PostsController#show as HTML
  Parameters: {"id"=>"1"}
  [1m[36mPost Load (0.4ms)[0m  [1m[34mSELECT  "posts".* FROM "posts" WHERE "posts"."id" = $1 LIMIT $2[0m  [["id", 1], ["LIMIT", 1]]
  Rendering posts/show.html.erb within layouts/application
  [1m[35m (0.7ms)[0m  [1m[34mSELECT COUNT(*) FROM "comments" WHERE "comments"."post_id" = $1[0m  [["post_id", 1]]
  [1m[36mComment Load (0.2ms)[0m  [1m[34mSELECT "comments".* FROM "comments" WHERE "comments"."post_id" = $1[0m  [["post_id", 1]]
  Rendered collection of comments/_comment.html.erb [1 times] (1.2ms)
  Rendered comments/_form.html.erb (15.8ms)
  Rendered posts/show.html.erb within layouts/application (25.1ms)
Completed 200 OK in 44ms (Views: 40.9ms | ActiveRecord: 1.3ms)


Started POST "/posts/1/comments" for ::1 at 2016-08-01 08:31:13 -0700
Processing by CommentsController#create as HTML
  Parameters: {"utf8"=>"✓", "authenticity_token"=>"ARFFSR+TYewdlG/zevStwMh4x3NtGu60nMPl2UtyKwUIUFAzTY8PK45cmC9mGtU5YwR/Vzpl6sAPbMG8ue2ixg==", "comment"=>{"commenter"=>"User one", "body"=>"This is a test comment."}, "commit"=>"Create Comment", "post_id"=>"1"}
  [1m[36mPost Load (0.2ms)[0m  [1m[34mSELECT  "posts".* FROM "posts" WHERE "posts"."id" = $1 LIMIT $2[0m  [["id", 1], ["LIMIT", 1]]
  [1m[35m (0.2ms)[0m  [1m[35mBEGIN[0m
  [1m[35mSQL (0.7ms)[0m  [1m[32mINSERT INTO "comments" ("commenter", "body", "post_id", "created_at", "updated_at") VALUES ($1, $2, $3, $4, $5) RETURNING "id"[0m  [["commenter", "User one"], ["body", "This is a test comment."], ["post_id", 1], ["created_at", 2016-08-01 15:31:13 UTC], ["updated_at", 2016-08-01 15:31:13 UTC]]
  [1m[35m (5.9ms)[0m  [1m[35mCOMMIT[0m
Redirected to http://localhost:3000/posts/1
Completed 302 Found in 12ms (ActiveRecord: 7.0ms)


Started GET "/posts/1" for ::1 at 2016-08-01 08:31:13 -0700
Processing by PostsController#show as HTML
  Parameters: {"id"=>"1"}
  [1m[36mPost Load (0.5ms)[0m  [1m[34mSELECT  "posts".* FROM "posts" WHERE "posts"."id" = $1 LIMIT $2[0m  [["id", 1], ["LIMIT", 1]]
  Rendering posts/show.html.erb within layouts/application
  [1m[35m (0.5ms)[0m  [1m[34mSELECT COUNT(*) FROM "comments" WHERE "comments"."post_id" = $1[0m  [["post_id", 1]]
  [1m[36mComment Load (0.3ms)[0m  [1m[34mSELECT "comments".* FROM "comments" WHERE "comments"."post_id" = $1[0m  [["post_id", 1]]
  Rendered collection of comments/_comment.html.erb [2 times] (1.0ms)
  Rendered comments/_form.html.erb (2.6ms)
  Rendered posts/show.html.erb within layouts/application (10.7ms)
Completed 200 OK in 36ms (Views: 31.1ms | ActiveRecord: 1.3ms)


Started GET "/posts" for ::1 at 2016-08-01 08:31:15 -0700
Processing by PostsController#index as HTML
  Rendering posts/index.html.erb within layouts/application
  [1m[36mPost Load (0.5ms)[0m  [1m[34mSELECT "posts".* FROM "posts" ORDER BY created_at DESC[0m
  Rendered posts/index.html.erb within layouts/application (2.7ms)
Completed 200 OK in 26ms (Views: 23.5ms | ActiveRecord: 0.5ms)


